   Input file: /Users/aibao/Documents/Project/MiningReg/openminer/report/2026-05-30-phreeqc-waste-rock-weathering-rewrite/models/01_equilibrium_endmembers.phr
  Output file: /Users/aibao/Documents/Project/MiningReg/openminer/report/2026-05-30-phreeqc-waste-rock-weathering-rewrite/models/01_equilibrium_endmembers.out
Database file: /Users/aibao/.local/phreeqc/phreeqc-3.5.0-14000/database/phreeqc.dat

------------------
Reading data base.
------------------

	SOLUTION_MASTER_SPECIES
	SOLUTION_SPECIES
	PHASES
	EXCHANGE_MASTER_SPECIES
	EXCHANGE_SPECIES
	SURFACE_MASTER_SPECIES
	SURFACE_SPECIES
	RATES
	END
------------------------------------
Reading input data for simulation 1.
------------------------------------

	TITLE Equilibrium endmember tests for acid-generating waste rock
	SELECTED_OUTPUT 1
	    file /Users/aibao/Documents/Project/MiningReg/openminer/report/2026-05-30-phreeqc-waste-rock-weathering-rewrite/models/01_equilibrium_endmembers.sel
	    reset false
	    simulation true
	    state true
	    solution true
	    ph true
	    pe true
	    ionic_strength true
	    totals S(6) Ca Mg K Al Si C Fe
	    saturation_indices Calcite Dolomite Anorthite K-mica Chlorite(14A) Jarosite-K Fe(OH)3(a)
	SOLUTION 1 acid_sulfate_only
	    temp 25
	    pH 3
	    pe 8
	    units mmol/kgw
	    S(6) 10 as SO4
	    O(0) 0.26
	    Na 20 charge
	END
-----
TITLE
-----

 Equilibrium endmember tests for acid-generating waste rock

-------------------------------------------
Beginning of initial solution calculations.
-------------------------------------------

Initial solution 1.	acid_sulfate_only

-----------------------------Solution composition------------------------------

	Elements           Molality       Moles

	Na                1.831e-02   1.831e-02  Charge balance
	O(0)              2.600e-04   2.600e-04
	S(6)              1.000e-02   1.000e-02

----------------------------Description of solution----------------------------

                                       pH  =   3.000    
                                       pe  =   8.000    
      Specific Conductance (µS/cm,  25°C)  = 2403
                          Density (g/cmł)  =   0.99828
                               Volume (L)  =   1.00311
                        Activity of water  =   1.000
                 Ionic strength (mol/kgw)  =   2.803e-02
                       Mass of water (kg)  =   1.000e+00
                 Total alkalinity (eq/kg)  =  -1.693e-03
                         Temperature (°C)  =  25.00
                  Electrical balance (eq)  =   2.359e-16
 Percent error, 100*(Cat-|An|)/(Cat+|An|)  =   0.00
                               Iterations  =   9
                                  Total H  = 1.110141e+02
                                  Total O  = 5.554648e+01

---------------------------------Redox couples---------------------------------

	Redox couple             pe  Eh (volts)

	O(-2)/O(0)          17.5493      1.0381

----------------------------Distribution of species----------------------------

                                               Log       Log       Log    mole V
   Species          Molality    Activity  Molality  Activity     Gamma   cmł/mol

   H+              1.141e-03   1.000e-03    -2.943    -3.000    -0.057      0.00
   OH-             1.193e-11   1.012e-11   -10.923   -10.995    -0.072     -3.95
   H2O             5.551e+01   9.995e-01     1.744    -0.000     0.000     18.07
H(0)          1.407e-25
   H2              7.034e-26   7.079e-26   -25.153   -25.150     0.003     28.61
Na            1.831e-02
   Na+             1.787e-02   1.530e-02    -1.748    -1.815    -0.067     -1.29
   NaSO4-          4.330e-04   3.721e-04    -3.363    -3.429    -0.066     14.93
   NaOH            1.538e-23   1.548e-23   -22.813   -22.810     0.003     (0)  
O(0)          2.600e-04
   O2              1.300e-04   1.308e-04    -3.886    -3.883     0.003     30.40
S(6)          1.000e-02
   SO4-2           9.014e-03   4.852e-03    -2.045    -2.314    -0.269     15.03
   HSO4-           5.528e-04   4.717e-04    -3.257    -3.326    -0.069     40.40
   NaSO4-          4.330e-04   3.721e-04    -3.363    -3.429    -0.066     14.93

------------------------------Saturation indices-------------------------------

  Phase               SI** log IAP   log K(298 K,   1 atm)

  H2(g)           -22.05    -25.15   -3.10  H2
  H2O(g)           -1.50     -0.00    1.50  H2O
  O2(g)            -0.99     -3.88   -2.89  O2

**For a gas, SI = log10(fugacity). Fugacity = pressure * phi / 1 atm.
  For ideal gases, phi = 1.

------------------
End of simulation.
------------------

------------------------------------
Reading input data for simulation 2.
------------------------------------

	SOLUTION 2 acid_plus_trace_calcite
	    temp 25
	    pH 3
	    pe 8
	    units mmol/kgw
	    S(6) 10 as SO4
	    O(0) 0.26
	    Na 20 charge
	EQUILIBRIUM_PHASES 2
	    Calcite 0 0.001
	END
-------------------------------------------
Beginning of initial solution calculations.
-------------------------------------------

Initial solution 2.	acid_plus_trace_calcite

-----------------------------Solution composition------------------------------

	Elements           Molality       Moles

	Na                1.831e-02   1.831e-02  Charge balance
	O(0)              2.600e-04   2.600e-04
	S(6)              1.000e-02   1.000e-02

----------------------------Description of solution----------------------------

                                       pH  =   3.000    
                                       pe  =   8.000    
      Specific Conductance (µS/cm,  25°C)  = 2403
                          Density (g/cmł)  =   0.99828
                               Volume (L)  =   1.00311
                        Activity of water  =   1.000
                 Ionic strength (mol/kgw)  =   2.803e-02
                       Mass of water (kg)  =   1.000e+00
                 Total alkalinity (eq/kg)  =  -1.693e-03
                         Temperature (°C)  =  25.00
                  Electrical balance (eq)  =   2.359e-16
 Percent error, 100*(Cat-|An|)/(Cat+|An|)  =   0.00
                               Iterations  =   9
                                  Total H  = 1.110141e+02
                                  Total O  = 5.554648e+01

---------------------------------Redox couples---------------------------------

	Redox couple             pe  Eh (volts)

	O(-2)/O(0)          17.5493      1.0381

----------------------------Distribution of species----------------------------

                                               Log       Log       Log    mole V
   Species          Molality    Activity  Molality  Activity     Gamma   cmł/mol

   H+              1.141e-03   1.000e-03    -2.943    -3.000    -0.057      0.00
   OH-             1.193e-11   1.012e-11   -10.923   -10.995    -0.072     -3.95
   H2O             5.551e+01   9.995e-01     1.744    -0.000     0.000     18.07
H(0)          1.407e-25
   H2              7.034e-26   7.079e-26   -25.153   -25.150     0.003     28.61
Na            1.831e-02
   Na+             1.787e-02   1.530e-02    -1.748    -1.815    -0.067     -1.29
   NaSO4-          4.330e-04   3.721e-04    -3.363    -3.429    -0.066     14.93
   NaOH            1.538e-23   1.548e-23   -22.813   -22.810     0.003     (0)  
O(0)          2.600e-04
   O2              1.300e-04   1.308e-04    -3.886    -3.883     0.003     30.40
S(6)          1.000e-02
   SO4-2           9.014e-03   4.852e-03    -2.045    -2.314    -0.269     15.03
   HSO4-           5.528e-04   4.717e-04    -3.257    -3.326    -0.069     40.40
   NaSO4-          4.330e-04   3.721e-04    -3.363    -3.429    -0.066     14.93

------------------------------Saturation indices-------------------------------

  Phase               SI** log IAP   log K(298 K,   1 atm)

  H2(g)           -22.05    -25.15   -3.10  H2
  H2O(g)           -1.50     -0.00    1.50  H2O
  O2(g)            -0.99     -3.88   -2.89  O2

**For a gas, SI = log10(fugacity). Fugacity = pressure * phi / 1 atm.
  For ideal gases, phi = 1.

-----------------------------------------
Beginning of batch-reaction calculations.
-----------------------------------------

Reaction step 1.

Using solution 2.	acid_plus_trace_calcite
Using pure phase assemblage 2.	

-------------------------------Phase assemblage--------------------------------

                                                      Moles in assemblage
Phase               SI  log IAP  log K(T, P)   Initial       Final       Delta

Calcite          -2.94   -11.42     -8.48    1.000e-03           0  -1.000e-03

-----------------------------Solution composition------------------------------

	Elements           Molality       Moles

	C                 1.000e-03   1.000e-03
	Ca                1.000e-03   1.000e-03
	Na                1.831e-02   1.831e-02
	S                 1.000e-02   1.000e-02

----------------------------Description of solution----------------------------

                                       pH  =   5.927      Charge balance
                                       pe  =  14.622      Adjusted to redox equilibrium
      Specific Conductance (µS/cm,  25°C)  = 2095
                          Density (g/cmł)  =   0.99837
                               Volume (L)  =   1.00313
                        Activity of water  =   0.999
                 Ionic strength (mol/kgw)  =   2.915e-02
                       Mass of water (kg)  =   1.000e+00
                 Total alkalinity (eq/kg)  =   3.067e-04
                       Total CO2 (mol/kg)  =   1.000e-03
                         Temperature (°C)  =  25.00
                  Electrical balance (eq)  =   6.384e-16
 Percent error, 100*(Cat-|An|)/(Cat+|An|)  =   0.00
                               Iterations  =  24
                                  Total H  = 1.110141e+02
                                  Total O  = 5.554948e+01

----------------------------Distribution of species----------------------------

                                               Log       Log       Log    mole V
   Species          Molality    Activity  Molality  Activity     Gamma   cmł/mol

   H+              1.352e-06   1.183e-06    -5.869    -5.927    -0.058      0.00
   OH-             1.011e-08   8.549e-09    -7.995    -8.068    -0.073     -3.95
   H2O             5.551e+01   9.995e-01     1.744    -0.000     0.000     18.07
C(-4)         0.000e+00
   CH4             0.000e+00   0.000e+00  -143.164  -143.161     0.003     35.46
C(4)          1.000e-03
   CO2             6.913e-04   6.960e-04    -3.160    -3.157     0.003     34.43
   HCO3-           3.050e-04   2.615e-04    -3.516    -3.583    -0.067     24.88
   NaHCO3          2.229e-06   2.244e-06    -5.652    -5.649     0.003      1.80
   CaHCO3+         1.423e-06   1.225e-06    -5.847    -5.912    -0.065      9.77
   CO3-2           1.918e-08   1.036e-08    -7.717    -7.985    -0.267     -4.73
   (CO2)2          8.832e-09   8.891e-09    -8.054    -8.051     0.003     68.87
   CaCO3           6.347e-09   6.390e-09    -8.197    -8.194     0.003    -14.60
   NaCO3-          3.459e-09   2.944e-09    -8.461    -8.531    -0.070     -0.77
Ca            1.000e-03
   Ca+2            6.791e-04   3.671e-04    -3.168    -3.435    -0.267    -17.74
   CaSO4           3.194e-04   3.216e-04    -3.496    -3.493     0.003      7.50
   CaHCO3+         1.423e-06   1.225e-06    -5.847    -5.912    -0.065      9.77
   CaCO3           6.347e-09   6.390e-09    -8.197    -8.194     0.003    -14.60
   CaHSO4+         2.938e-09   2.501e-09    -8.532    -8.602    -0.070     (0)  
   CaOH+           6.044e-11   5.146e-11   -10.219   -10.289    -0.070     (0)  
H(0)          0.000e+00
   H2              0.000e+00   0.000e+00   -44.252   -44.249     0.003     28.61
Na            1.831e-02
   Na+             1.786e-02   1.526e-02    -1.748    -1.816    -0.068     -1.28
   NaSO4-          4.394e-04   3.767e-04    -3.357    -3.424    -0.067     14.96
   NaHCO3          2.229e-06   2.244e-06    -5.652    -5.649     0.003      1.80
   NaCO3-          3.459e-09   2.944e-09    -8.461    -8.531    -0.070     -0.77
   NaOH            1.296e-20   1.305e-20   -19.887   -19.885     0.003     (0)  
O(0)          2.600e-04
   O2              1.300e-04   1.309e-04    -3.886    -3.883     0.003     30.40
S(-2)         0.000e+00
   H2S             0.000e+00   0.000e+00  -137.966  -137.963     0.003     37.16
   HS-             0.000e+00   0.000e+00  -138.905  -138.978    -0.073     20.73
   S-2             0.000e+00   0.000e+00  -145.697  -145.969    -0.272     (0)  
S(6)          1.000e-02
   SO4-2           9.240e-03   4.926e-03    -2.034    -2.307    -0.273     15.04
   NaSO4-          4.394e-04   3.767e-04    -3.357    -3.424    -0.067     14.96
   CaSO4           3.194e-04   3.216e-04    -3.496    -3.493     0.003      7.50
   HSO4-           6.657e-07   5.667e-07    -6.177    -6.247    -0.070     40.41
   CaHSO4+         2.938e-09   2.501e-09    -8.532    -8.602    -0.070     (0)  

------------------------------Saturation indices-------------------------------

  Phase               SI** log IAP   log K(298 K,   1 atm)

  Anhydrite        -1.47     -5.74   -4.28  CaSO4
  Aragonite        -3.08    -11.42   -8.34  CaCO3
  Calcite          -2.94    -11.42   -8.48  CaCO3
  CH4(g)         -140.36   -143.16   -2.80  CH4
  CO2(g)           -1.69     -3.16   -1.47  CO2
  Gypsum           -1.16     -5.74   -4.58  CaSO4:2H2O
  H2(g)           -41.15    -44.25   -3.10  H2
  H2O(g)           -1.50     -0.00    1.50  H2O
  H2S(g)         -136.91   -144.91   -7.99  H2S
  O2(g)            -0.99     -3.88   -2.89  O2
  Sulfur         -101.75    -96.86    4.88  S

**For a gas, SI = log10(fugacity). Fugacity = pressure * phi / 1 atm.
  For ideal gases, phi = 1.

------------------
End of simulation.
------------------

------------------------------------
Reading input data for simulation 3.
------------------------------------

	SOLUTION 3 acid_plus_trace_dolomite
	    temp 25
	    pH 3
	    pe 8
	    units mmol/kgw
	    S(6) 10 as SO4
	    O(0) 0.26
	    Na 20 charge
	EQUILIBRIUM_PHASES 3
	    Dolomite 0 0.001
	END
-------------------------------------------
Beginning of initial solution calculations.
-------------------------------------------

Initial solution 3.	acid_plus_trace_dolomite

-----------------------------Solution composition------------------------------

	Elements           Molality       Moles

	Na                1.831e-02   1.831e-02  Charge balance
	O(0)              2.600e-04   2.600e-04
	S(6)              1.000e-02   1.000e-02

----------------------------Description of solution----------------------------

                                       pH  =   3.000    
                                       pe  =   8.000    
      Specific Conductance (µS/cm,  25°C)  = 2403
                          Density (g/cmł)  =   0.99828
                               Volume (L)  =   1.00311
                        Activity of water  =   1.000
                 Ionic strength (mol/kgw)  =   2.803e-02
                       Mass of water (kg)  =   1.000e+00
                 Total alkalinity (eq/kg)  =  -1.693e-03
                         Temperature (°C)  =  25.00
                  Electrical balance (eq)  =   2.359e-16
 Percent error, 100*(Cat-|An|)/(Cat+|An|)  =   0.00
                               Iterations  =   9
                                  Total H  = 1.110141e+02
                                  Total O  = 5.554648e+01

---------------------------------Redox couples---------------------------------

	Redox couple             pe  Eh (volts)

	O(-2)/O(0)          17.5493      1.0381

----------------------------Distribution of species----------------------------

                                               Log       Log       Log    mole V
   Species          Molality    Activity  Molality  Activity     Gamma   cmł/mol

   H+              1.141e-03   1.000e-03    -2.943    -3.000    -0.057      0.00
   OH-             1.193e-11   1.012e-11   -10.923   -10.995    -0.072     -3.95
   H2O             5.551e+01   9.995e-01     1.744    -0.000     0.000     18.07
H(0)          1.407e-25
   H2              7.034e-26   7.079e-26   -25.153   -25.150     0.003     28.61
Na            1.831e-02
   Na+             1.787e-02   1.530e-02    -1.748    -1.815    -0.067     -1.29
   NaSO4-          4.330e-04   3.721e-04    -3.363    -3.429    -0.066     14.93
   NaOH            1.538e-23   1.548e-23   -22.813   -22.810     0.003     (0)  
O(0)          2.600e-04
   O2              1.300e-04   1.308e-04    -3.886    -3.883     0.003     30.40
S(6)          1.000e-02
   SO4-2           9.014e-03   4.852e-03    -2.045    -2.314    -0.269     15.03
   HSO4-           5.528e-04   4.717e-04    -3.257    -3.326    -0.069     40.40
   NaSO4-          4.330e-04   3.721e-04    -3.363    -3.429    -0.066     14.93

------------------------------Saturation indices-------------------------------

  Phase               SI** log IAP   log K(298 K,   1 atm)

  H2(g)           -22.05    -25.15   -3.10  H2
  H2O(g)           -1.50     -0.00    1.50  H2O
  O2(g)            -0.99     -3.88   -2.89  O2

**For a gas, SI = log10(fugacity). Fugacity = pressure * phi / 1 atm.
  For ideal gases, phi = 1.

-----------------------------------------
Beginning of batch-reaction calculations.
-----------------------------------------

Reaction step 1.

Using solution 3.	acid_plus_trace_dolomite
Using pure phase assemblage 3.	

-------------------------------Phase assemblage--------------------------------

                                                      Moles in assemblage
Phase               SI  log IAP  log K(T, P)   Initial       Final       Delta

Dolomite          0.00   -17.09    -17.09    1.000e-03   1.487e-04  -8.513e-04

-----------------------------Solution composition------------------------------

	Elements           Molality       Moles

	C                 1.703e-03   1.703e-03
	Ca                8.513e-04   8.513e-04
	Mg                8.513e-04   8.513e-04
	Na                1.831e-02   1.831e-02
	S                 1.000e-02   1.000e-02

----------------------------Description of solution----------------------------

                                       pH  =   8.165      Charge balance
                                       pe  =  12.384      Adjusted to redox equilibrium
      Specific Conductance (µS/cm,  25°C)  = 2147
                          Density (g/cmł)  =   0.99844
                               Volume (L)  =   1.00311
                        Activity of water  =   0.999
                 Ionic strength (mol/kgw)  =   3.021e-02
                       Mass of water (kg)  =   1.000e+00
                 Total alkalinity (eq/kg)  =   1.712e-03
                       Total CO2 (mol/kg)  =   1.703e-03
                         Temperature (°C)  =  25.00
                  Electrical balance (eq)  =  -3.955e-16
 Percent error, 100*(Cat-|An|)/(Cat+|An|)  =  -0.00
                               Iterations  =  27
                                  Total H  = 1.110141e+02
                                  Total O  = 5.555158e+01

----------------------------Distribution of species----------------------------

                                               Log       Log       Log    mole V
   Species          Molality    Activity  Molality  Activity     Gamma   cmł/mol

   OH-             1.754e-06   1.480e-06    -5.756    -5.830    -0.074     -3.94
   H+              7.823e-09   6.836e-09    -8.107    -8.165    -0.059      0.00
   H2O             5.551e+01   9.995e-01     1.744    -0.000     0.000     18.07
C(-4)         0.000e+00
   CH4             0.000e+00   0.000e+00  -144.676  -144.673     0.003     35.46
C(4)          1.703e-03
   HCO3-           1.629e-03   1.394e-03    -2.788    -2.856    -0.068     24.88
   CO2             2.128e-05   2.143e-05    -4.672    -4.669     0.003     34.43
   CO3-2           1.784e-05   9.560e-06    -4.749    -5.020    -0.271     -4.72
   NaHCO3          1.185e-05   1.193e-05    -4.926    -4.923     0.003      1.80
   CaHCO3+         6.426e-06   5.520e-06    -5.192    -5.258    -0.066      9.77
   MgHCO3+         5.516e-06   4.671e-06    -5.258    -5.331    -0.072      5.58
   CaCO3           4.951e-06   4.986e-06    -5.305    -5.302     0.003    -14.60
   NaCO3-          3.192e-06   2.711e-06    -5.496    -5.567    -0.071     -0.76
   MgCO3           2.595e-06   2.613e-06    -5.586    -5.583     0.003    -17.09
   (CO2)2          8.372e-12   8.431e-12   -11.077   -11.074     0.003     68.87
Ca            8.513e-04
   Ca+2            5.792e-04   3.105e-04    -3.237    -3.508    -0.271    -17.73
   CaSO4           2.607e-04   2.625e-04    -3.584    -3.581     0.003      7.50
   CaHCO3+         6.426e-06   5.520e-06    -5.192    -5.258    -0.066      9.77
   CaCO3           4.951e-06   4.986e-06    -5.305    -5.302     0.003    -14.60
   CaOH+           8.868e-09   7.532e-09    -8.052    -8.123    -0.071     (0)  
   CaHSO4+         1.389e-11   1.179e-11   -10.857   -10.928    -0.071     (0)  
H(0)          0.000e+00
   H2              0.000e+00   0.000e+00   -44.252   -44.249     0.003     28.61
Mg            8.513e-04
   Mg+2            5.259e-04   2.865e-04    -3.279    -3.543    -0.264    -21.43
   MgSO4           3.171e-04   3.193e-04    -3.499    -3.496     0.003      5.84
   MgHCO3+         5.516e-06   4.671e-06    -5.258    -5.331    -0.072      5.58
   MgCO3           2.595e-06   2.613e-06    -5.586    -5.583     0.003    -17.09
   MgOH+           1.765e-07   1.521e-07    -6.753    -6.818    -0.065     (0)  
Na            1.831e-02
   Na+             1.787e-02   1.523e-02    -1.748    -1.817    -0.069     -1.28
   NaSO4-          4.241e-04   3.629e-04    -3.373    -3.440    -0.068     14.99
   NaHCO3          1.185e-05   1.193e-05    -4.926    -4.923     0.003      1.80
   NaCO3-          3.192e-06   2.711e-06    -5.496    -5.567    -0.071     -0.76
   NaOH            2.238e-18   2.253e-18   -17.650   -17.647     0.003     (0)  
O(0)          2.600e-04
   O2              1.300e-04   1.309e-04    -3.886    -3.883     0.003     30.40
S(-2)         0.000e+00
   HS-             0.000e+00   0.000e+00  -141.158  -141.232    -0.074     20.74
   H2S             0.000e+00   0.000e+00  -142.459  -142.455     0.003     37.16
   S-2             0.000e+00   0.000e+00  -145.709  -145.985    -0.276     (0)  
S(6)          1.000e-02
   SO4-2           8.998e-03   4.754e-03    -2.046    -2.323    -0.277     15.05
   NaSO4-          4.241e-04   3.629e-04    -3.373    -3.440    -0.068     14.99
   MgSO4           3.171e-04   3.193e-04    -3.499    -3.496     0.003      5.84
   CaSO4           2.607e-04   2.625e-04    -3.584    -3.581     0.003      7.50
   HSO4-           3.720e-09   3.160e-09    -8.429    -8.500    -0.071     40.41
   CaHSO4+         1.389e-11   1.179e-11   -10.857   -10.928    -0.071     (0)  

------------------------------Saturation indices-------------------------------

  Phase               SI** log IAP   log K(298 K,   1 atm)

  Anhydrite        -1.55     -5.83   -4.28  CaSO4
  Aragonite        -0.19     -8.53   -8.34  CaCO3
  Calcite          -0.05     -8.53   -8.48  CaCO3
  CH4(g)         -141.87   -144.67   -2.80  CH4
  CO2(g)           -3.20     -4.67   -1.47  CO2
  Dolomite          0.00    -17.09  -17.09  CaMg(CO3)2
  Gypsum           -1.25     -5.83   -4.58  CaSO4:2H2O
  H2(g)           -41.15    -44.25   -3.10  H2
  H2O(g)           -1.50     -0.00    1.50  H2O
  H2S(g)         -141.40   -149.40   -7.99  H2S
  O2(g)            -0.99     -3.88   -2.89  O2
  Sulfur         -106.24   -101.36    4.88  S

**For a gas, SI = log10(fugacity). Fugacity = pressure * phi / 1 atm.
  For ideal gases, phi = 1.

------------------
End of simulation.
------------------

------------------------------------
Reading input data for simulation 4.
------------------------------------

	SOLUTION 4 acid_plus_aluminosilicate_equilibrium
	    temp 25
	    pH 3
	    pe 8
	    units mmol/kgw
	    S(6) 10 as SO4
	    O(0) 0.26
	    Na 20 charge
	EQUILIBRIUM_PHASES 4
	    Anorthite 0 0.001
	    K-mica 0 0.001
	    Chlorite(14A) 0 0.001
	END
-------------------------------------------
Beginning of initial solution calculations.
-------------------------------------------

Initial solution 4.	acid_plus_aluminosilicate_equilibrium

-----------------------------Solution composition------------------------------

	Elements           Molality       Moles

	Na                1.831e-02   1.831e-02  Charge balance
	O(0)              2.600e-04   2.600e-04
	S(6)              1.000e-02   1.000e-02

----------------------------Description of solution----------------------------

                                       pH  =   3.000    
                                       pe  =   8.000    
      Specific Conductance (µS/cm,  25°C)  = 2403
                          Density (g/cmł)  =   0.99828
                               Volume (L)  =   1.00311
                        Activity of water  =   1.000
                 Ionic strength (mol/kgw)  =   2.803e-02
                       Mass of water (kg)  =   1.000e+00
                 Total alkalinity (eq/kg)  =  -1.693e-03
                         Temperature (°C)  =  25.00
                  Electrical balance (eq)  =   2.359e-16
 Percent error, 100*(Cat-|An|)/(Cat+|An|)  =   0.00
                               Iterations  =   9
                                  Total H  = 1.110141e+02
                                  Total O  = 5.554648e+01

---------------------------------Redox couples---------------------------------

	Redox couple             pe  Eh (volts)

	O(-2)/O(0)          17.5493      1.0381

----------------------------Distribution of species----------------------------

                                               Log       Log       Log    mole V
   Species          Molality    Activity  Molality  Activity     Gamma   cmł/mol

   H+              1.141e-03   1.000e-03    -2.943    -3.000    -0.057      0.00
   OH-             1.193e-11   1.012e-11   -10.923   -10.995    -0.072     -3.95
   H2O             5.551e+01   9.995e-01     1.744    -0.000     0.000     18.07
H(0)          1.407e-25
   H2              7.034e-26   7.079e-26   -25.153   -25.150     0.003     28.61
Na            1.831e-02
   Na+             1.787e-02   1.530e-02    -1.748    -1.815    -0.067     -1.29
   NaSO4-          4.330e-04   3.721e-04    -3.363    -3.429    -0.066     14.93
   NaOH            1.538e-23   1.548e-23   -22.813   -22.810     0.003     (0)  
O(0)          2.600e-04
   O2              1.300e-04   1.308e-04    -3.886    -3.883     0.003     30.40
S(6)          1.000e-02
   SO4-2           9.014e-03   4.852e-03    -2.045    -2.314    -0.269     15.03
   HSO4-           5.528e-04   4.717e-04    -3.257    -3.326    -0.069     40.40
   NaSO4-          4.330e-04   3.721e-04    -3.363    -3.429    -0.066     14.93

------------------------------Saturation indices-------------------------------

  Phase               SI** log IAP   log K(298 K,   1 atm)

  H2(g)           -22.05    -25.15   -3.10  H2
  H2O(g)           -1.50     -0.00    1.50  H2O
  O2(g)            -0.99     -3.88   -2.89  O2

**For a gas, SI = log10(fugacity). Fugacity = pressure * phi / 1 atm.
  For ideal gases, phi = 1.

-----------------------------------------
Beginning of batch-reaction calculations.
-----------------------------------------

Reaction step 1.

Using solution 4.	acid_plus_aluminosilicate_equilibrium
Using pure phase assemblage 4.	

-------------------------------Phase assemblage--------------------------------

                                                      Moles in assemblage
Phase               SI  log IAP  log K(T, P)   Initial       Final       Delta

Anorthite         0.00   -19.71    -19.71    1.000e-03   9.988e-04  -1.161e-06
Chlorite(14A)     0.00    68.38     68.38    1.000e-03   7.921e-04  -2.079e-04
K-mica            0.00    12.70     12.70    1.000e-03   1.000e-03  -3.996e-19

-----------------------------Solution composition------------------------------

	Elements           Molality       Moles

	Al                4.181e-04   4.181e-04
	Ca                1.161e-06   1.161e-06
	K                 1.071e-21   1.070e-21
	Mg                1.040e-03   1.040e-03
	Na                1.831e-02   1.831e-02
	S                 1.000e-02   1.000e-02
	Si                6.261e-04   6.260e-04

----------------------------Description of solution----------------------------

                                       pH  =   7.109      Charge balance
                                       pe  =  13.441      Adjusted to redox equilibrium
      Specific Conductance (µS/cm,  25°C)  = 2064
                          Density (g/cmł)  =   0.99840
                               Volume (L)  =   1.00311
                        Activity of water  =   0.999
                 Ionic strength (mol/kgw)  =   2.896e-02
                       Mass of water (kg)  =   1.000e+00
                 Total alkalinity (eq/kg)  =   1.643e-03
                         Temperature (°C)  =  25.00
                  Electrical balance (eq)  =   2.602e-16
 Percent error, 100*(Cat-|An|)/(Cat+|An|)  =   0.00
                               Iterations  =  25
                                  Total H  = 1.110158e+02
                                  Total O  = 5.555023e+01

----------------------------Distribution of species----------------------------

                                               Log       Log       Log    mole V
   Species          Molality    Activity  Molality  Activity     Gamma   cmł/mol

   OH-             1.535e-07   1.299e-07    -6.814    -6.886    -0.073     -3.95
   H+              8.895e-08   7.788e-08    -7.051    -7.109    -0.058      0.00
   H2O             5.551e+01   9.995e-01     1.744    -0.000     0.000     18.07
Al            4.181e-04
   Al(OH)4-        3.956e-04   3.372e-04    -3.403    -3.472    -0.069     (0)  
   Al(OH)3         1.385e-05   1.394e-05    -4.859    -4.856     0.003     (0)  
   Al(OH)2+        8.594e-06   7.371e-06    -5.066    -5.132    -0.067     (0)  
   AlOH+2          1.354e-07   7.328e-08    -6.868    -7.135    -0.267    -27.38
   AlSO4+          1.043e-08   8.893e-09    -7.982    -8.051    -0.069     (0)  
   Al+3            1.902e-09   5.748e-10    -8.721    -9.240    -0.520    -41.56
   Al(SO4)2-       1.614e-09   1.376e-09    -8.792    -8.861    -0.069     (0)  
   AlHSO4+2        1.167e-16   6.141e-17   -15.933   -16.212    -0.279     (0)  
Ca            1.161e-06
   Ca+2            7.907e-07   4.280e-07    -6.102    -6.369    -0.267    -17.74
   CaSO4           3.699e-07   3.724e-07    -6.432    -6.429     0.003      7.50
   CaOH+           1.070e-12   9.117e-13   -11.970   -12.040    -0.070     (0)  
   CaHSO4+         2.238e-13   1.906e-13   -12.650   -12.720    -0.070     (0)  
H(0)          0.000e+00
   H2              0.000e+00   0.000e+00   -44.252   -44.249     0.003     28.61
K             1.071e-21
   K+              1.035e-21   8.769e-22   -20.985   -21.057    -0.072      9.13
   KSO4-           3.514e-23   3.014e-23   -22.454   -22.521    -0.067     34.24
Mg            1.040e-03
   Mg+2            6.391e-04   3.514e-04    -3.194    -3.454    -0.260    -21.43
   MgSO4           4.004e-04   4.031e-04    -3.398    -3.395     0.003      5.84
   MgOH+           1.896e-08   1.638e-08    -7.722    -7.786    -0.064     (0)  
Na            1.831e-02
   Na+             1.787e-02   1.527e-02    -1.748    -1.816    -0.068     -1.28
   NaSO4-          4.365e-04   3.744e-04    -3.360    -3.427    -0.067     14.96
   NaOH            1.970e-19   1.984e-19   -18.705   -18.703     0.003     (0)  
O(0)          2.600e-04
   O2              1.300e-04   1.309e-04    -3.886    -3.883     0.003     30.40
S(-2)         0.000e+00
   HS-             0.000e+00   0.000e+00  -140.090  -140.163    -0.073     20.73
   H2S             0.000e+00   0.000e+00  -140.333  -140.330     0.003     37.16
   S-2             0.000e+00   0.000e+00  -145.701  -145.972    -0.271     (0)  
S(6)          1.000e-02
   SO4-2           9.163e-03   4.892e-03    -2.038    -2.310    -0.273     15.04
   NaSO4-          4.365e-04   3.744e-04    -3.360    -3.427    -0.067     14.96
   MgSO4           4.004e-04   4.031e-04    -3.398    -3.395     0.003      5.84
   CaSO4           3.699e-07   3.724e-07    -6.432    -6.429     0.003      7.50
   HSO4-           4.350e-08   3.704e-08    -7.362    -7.431    -0.070     40.41
   AlSO4+          1.043e-08   8.893e-09    -7.982    -8.051    -0.069     (0)  
   Al(SO4)2-       1.614e-09   1.376e-09    -8.792    -8.861    -0.069     (0)  
   CaHSO4+         2.238e-13   1.906e-13   -12.650   -12.720    -0.070     (0)  
   AlHSO4+2        1.167e-16   6.141e-17   -15.933   -16.212    -0.279     (0)  
   KSO4-           3.514e-23   3.014e-23   -22.454   -22.521    -0.067     34.24
Si            6.261e-04
   H4SiO4          6.247e-04   6.288e-04    -3.204    -3.201     0.003     52.08
   H3SiO4-         1.402e-06   1.191e-06    -5.853    -5.924    -0.071     28.10
   H2SiO4-2        1.922e-12   1.040e-12   -11.716   -11.983    -0.267     (0)  

------------------------------Saturation indices-------------------------------

  Phase               SI** log IAP   log K(298 K,   1 atm)

  Al(OH)3(a)        1.28     12.08   10.80  Al(OH)3
  Albite            3.11    -14.89  -18.00  NaAlSi3O8
  Alunite          -9.35    -10.75   -1.40  KAl3(SO4)2(OH)6
  Anhydrite        -4.40     -8.68   -4.28  CaSO4
  Anorthite         0.00    -19.71  -19.71  CaAl2Si2O8
  Ca-Montmorillonite   9.92    -35.10  -45.03  Ca0.165Al2.33Si3.67O10(OH)2
  Chalcedony        0.35     -3.20   -3.55  SiO2
  Chlorite(14A)     0.00     68.38   68.38  Mg5Al2Si3O10(OH)8
  Chrysotile       -6.32     25.89   32.20  Mg3Si2O5(OH)4
  Gibbsite          3.97     12.08    8.11  Al(OH)3
  Gypsum           -4.10     -8.68   -4.58  CaSO4:2H2O
  H2(g)           -41.15    -44.25   -3.10  H2
  H2O(g)           -1.50     -0.00    1.50  H2O
  H2S(g)         -139.28   -147.27   -7.99  H2S
  Illite           -0.95    -41.22  -40.27  K0.6Mg0.25Al2.3Si3.5O10(OH)2
  K-feldspar      -13.56    -34.13  -20.57  KAlSi3O8
  K-mica            0.00     12.70   12.70  KAl3Si3O10(OH)2
  Kaolinite        10.33     17.77    7.43  Al2Si2O5(OH)4
  O2(g)            -0.99     -3.88   -2.89  O2
  Quartz            0.78     -3.20   -3.98  SiO2
  Sepiolite        -3.84     11.92   15.76  Mg2Si3O7.5OH:3H2O
  Sepiolite(d)     -6.74     11.92   18.66  Mg2Si3O7.5OH:3H2O
  SiO2(a)          -0.49     -3.20   -2.71  SiO2
  Sulfur         -104.11    -99.23    4.88  S
  Talc             -1.91     19.48   21.40  Mg3Si4O10(OH)2

**For a gas, SI = log10(fugacity). Fugacity = pressure * phi / 1 atm.
  For ideal gases, phi = 1.

------------------
End of simulation.
------------------

------------------------------------
Reading input data for simulation 5.
------------------------------------

	SOLUTION 5 acid_plus_Fe_secondary_phases
	    temp 25
	    pH 3
	    pe 8
	    units mmol/kgw
	    S(6) 10 as SO4
	    K 1
	    Fe(3) 1
	    O(0) 0.26
	    Na 20 charge
	EQUILIBRIUM_PHASES 5
	    Jarosite-K 0 0.001
	    Fe(OH)3(a) 0 0.001
	END
-------------------------------------------
Beginning of initial solution calculations.
-------------------------------------------

Initial solution 5.	acid_plus_Fe_secondary_phases

-----------------------------Solution composition------------------------------

	Elements           Molality       Moles

	Fe(3)             1.000e-03   1.000e-03
	K                 1.000e-03   1.000e-03
	Na                1.455e-02   1.455e-02  Charge balance
	O(0)              2.600e-04   2.600e-04
	S(6)              1.000e-02   1.000e-02

----------------------------Description of solution----------------------------

                                       pH  =   3.000    
                                       pe  =   8.000    
      Specific Conductance (µS/cm,  25°C)  = 2210
                          Density (g/cmł)  =   0.99829
                               Volume (L)  =   1.00311
                        Activity of water  =   1.000
                 Ionic strength (mol/kgw)  =   2.605e-02
                       Mass of water (kg)  =   1.000e+00
                 Total alkalinity (eq/kg)  =  -3.445e-03
                         Temperature (°C)  =  25.00
                  Electrical balance (eq)  =   1.735e-17
 Percent error, 100*(Cat-|An|)/(Cat+|An|)  =   0.00
                               Iterations  =  12
                                  Total H  = 1.110143e+02
                                  Total O  = 5.554669e+01

---------------------------------Redox couples---------------------------------

	Redox couple             pe  Eh (volts)

	O(-2)/O(0)          17.5492      1.0381

----------------------------Distribution of species----------------------------

                                               Log       Log       Log    mole V
   Species          Molality    Activity  Molality  Activity     Gamma   cmł/mol

   H+              1.137e-03   1.000e-03    -2.944    -3.000    -0.056      0.00
   OH-             1.187e-11   1.012e-11   -10.926   -10.995    -0.069     -3.96
   H2O             5.551e+01   9.995e-01     1.744    -0.000     0.000     18.07
Fe(3)         1.000e-03
   FeSO4+          7.088e-04   6.102e-04    -3.149    -3.215    -0.065     (0)  
   FeOH+2          1.442e-04   7.917e-05    -3.841    -4.101    -0.260     (0)  
   Fe(SO4)2-       7.063e-05   6.055e-05    -4.151    -4.218    -0.067     (0)  
   Fe+3            3.893e-05   1.227e-05    -4.410    -4.911    -0.502     (0)  
   Fe(OH)2+        3.036e-05   2.620e-05    -4.518    -4.582    -0.064     (0)  
   FeHSO4+2        3.025e-06   1.634e-06    -5.519    -5.787    -0.268     (0)  
   Fe2(OH)2+4      1.984e-06   1.687e-07    -5.703    -6.773    -1.070     (0)  
   Fe3(OH)4+5      4.344e-08   9.236e-10    -7.362    -9.034    -1.672     (0)  
   Fe(OH)3         3.354e-09   3.374e-09    -8.474    -8.472     0.003     (0)  
   Fe(OH)4-        3.564e-15   3.076e-15   -14.448   -14.512    -0.064     (0)  
H(0)          1.407e-25
   H2              7.037e-26   7.079e-26   -25.153   -25.150     0.003     28.61
K             1.000e-03
   K+              9.695e-04   8.270e-04    -3.013    -3.083    -0.069      9.12
   KSO4-           3.054e-05   2.636e-05    -4.515    -4.579    -0.064     34.23
Na            1.455e-02
   Na+             1.423e-02   1.224e-02    -1.847    -1.912    -0.066     -1.29
   NaSO4-          3.224e-04   2.782e-04    -3.492    -3.556    -0.064     14.88
   NaOH            1.231e-23   1.238e-23   -22.910   -22.907     0.003     (0)  
O(0)          2.600e-04
   O2              1.300e-04   1.308e-04    -3.886    -3.883     0.003     30.40
S(6)          1.000e-02
   SO4-2           8.280e-03   4.536e-03    -2.082    -2.343    -0.261     15.00
   FeSO4+          7.088e-04   6.102e-04    -3.149    -3.215    -0.065     (0)  
   HSO4-           5.145e-04   4.410e-04    -3.289    -3.356    -0.067     40.40
   NaSO4-          3.224e-04   2.782e-04    -3.492    -3.556    -0.064     14.88
   Fe(SO4)2-       7.063e-05   6.055e-05    -4.151    -4.218    -0.067     (0)  
   KSO4-           3.054e-05   2.636e-05    -4.515    -4.579    -0.064     34.23
   FeHSO4+2        3.025e-06   1.634e-06    -5.519    -5.787    -0.268     (0)  

------------------------------Saturation indices-------------------------------

  Phase               SI** log IAP   log K(298 K,   1 atm)

  Fe(OH)3(a)       -0.80      4.09    4.89  Fe(OH)3
  Goethite          5.09      4.09   -1.00  FeOOH
  H2(g)           -22.05    -25.15   -3.10  H2
  H2O(g)           -1.50     -0.00    1.50  H2O
  Hematite         12.18      8.18   -4.01  Fe2O3
  Jarosite-K        4.71     -4.50   -9.21  KFe3(SO4)2(OH)6
  O2(g)            -0.99     -3.88   -2.89  O2

**For a gas, SI = log10(fugacity). Fugacity = pressure * phi / 1 atm.
  For ideal gases, phi = 1.

-----------------------------------------
Beginning of batch-reaction calculations.
-----------------------------------------

Reaction step 1.

Using solution 5.	acid_plus_Fe_secondary_phases
Using pure phase assemblage 5.	

-------------------------------Phase assemblage--------------------------------

                                                      Moles in assemblage
Phase               SI  log IAP  log K(T, P)   Initial       Final       Delta

Fe(OH)3(a)       -2.36     2.53      4.89    1.000e-03           0  -1.000e-03
Jarosite-K        0.00    -9.21     -9.21    1.000e-03   1.643e-03   6.429e-04

-----------------------------Solution composition------------------------------

	Elements           Molality       Moles

	Fe                7.145e-05   7.145e-05
	K                 3.572e-04   3.571e-04
	Na                1.455e-02   1.455e-02
	S                 8.714e-03   8.714e-03

----------------------------Description of solution----------------------------

                                       pH  =   2.844      Charge balance
                                       pe  =  17.705      Adjusted to redox equilibrium
      Specific Conductance (µS/cm,  25°C)  = 2265
                          Density (g/cmł)  =   0.99810
                               Volume (L)  =   1.00309
                        Activity of water  =   1.000
                 Ionic strength (mol/kgw)  =   2.396e-02
                       Mass of water (kg)  =   1.000e+00
                 Total alkalinity (eq/kg)  =  -2.445e-03
                         Temperature (°C)  =  25.00
                  Electrical balance (eq)  =   3.469e-18
 Percent error, 100*(Cat-|An|)/(Cat+|An|)  =   0.00
                               Iterations  =  25
                                  Total H  = 1.110134e+02
                                  Total O  = 5.554069e+01

----------------------------Distribution of species----------------------------

                                               Log       Log       Log    mole V
   Species          Molality    Activity  Molality  Activity     Gamma   cmł/mol

   H+              1.622e-03   1.432e-03    -2.790    -2.844    -0.054      0.00
   OH-             8.244e-12   7.065e-12   -11.084   -11.151    -0.067     -3.97
   H2O             5.551e+01   9.996e-01     1.744    -0.000     0.000     18.07
Fe(2)         5.150e-11
   Fe+2            3.583e-11   2.052e-11   -10.446   -10.688    -0.242    -21.79
   FeSO4           1.550e-11   1.559e-11   -10.810   -10.807     0.002     18.97
   FeHSO4+         1.703e-13   1.467e-13   -12.769   -12.833    -0.065     (0)  
   FeOH+           5.236e-18   4.530e-18   -17.281   -17.344    -0.063     (0)  
   Fe(OH)2         2.676e-26   2.691e-26   -25.572   -25.570     0.002     (0)  
   Fe(OH)3-        8.068e-34   6.979e-34   -33.093   -33.156    -0.063     (0)  
   Fe(HS)2         0.000e+00   0.000e+00  -273.652  -273.650     0.002     (0)  
   Fe(HS)3-        0.000e+00   0.000e+00  -407.504  -407.569    -0.065     (0)  
Fe(3)         7.145e-05
   FeSO4+          5.382e-05   4.656e-05    -4.269    -4.332    -0.063     (0)  
   FeOH+2          7.998e-06   4.479e-06    -5.097    -5.349    -0.252     (0)  
   Fe(SO4)2-       5.050e-06   4.351e-06    -5.297    -5.361    -0.065     (0)  
   Fe+3            3.054e-06   9.939e-07    -5.515    -6.003    -0.487     (0)  
   Fe(OH)2+        1.194e-06   1.035e-06    -5.923    -5.985    -0.062     (0)  
   FeHSO4+2        3.240e-07   1.785e-07    -6.489    -6.748    -0.259     (0)  
   Fe2(OH)2+4      5.856e-09   5.400e-10    -8.232    -9.268    -1.035     (0)  
   Fe(OH)3         9.259e-11   9.310e-11   -10.033   -10.031     0.002     (0)  
   Fe3(OH)4+5      4.842e-12   1.168e-13   -11.315   -12.933    -1.618     (0)  
   Fe(OH)4-        6.835e-17   5.927e-17   -16.165   -16.227    -0.062     (0)  
H(0)          0.000e+00
   H2              0.000e+00   0.000e+00   -44.251   -44.248     0.002     28.61
K             3.572e-04
   K+              3.469e-04   2.975e-04    -3.460    -3.527    -0.067      9.11
   KSO4-           1.030e-05   8.930e-06    -4.987    -5.049    -0.062     34.22
Na            1.455e-02
   Na+             1.425e-02   1.231e-02    -1.846    -1.910    -0.063     -1.30
   NaSO4-          3.041e-04   2.637e-04    -3.517    -3.579    -0.062     14.82
   NaOH            8.652e-24   8.700e-24   -23.063   -23.060     0.002     (0)  
O(0)          2.600e-04
   O2              1.300e-04   1.307e-04    -3.886    -3.884     0.002     30.40
S(-2)         0.000e+00
   H2S             0.000e+00   0.000e+00  -131.861  -131.858     0.002     37.16
   HS-             0.000e+00   0.000e+00  -135.889  -135.956    -0.067     20.72
   S-2             0.000e+00   0.000e+00  -145.778  -146.030    -0.252     (0)  
   Fe(HS)2         0.000e+00   0.000e+00  -273.652  -273.650     0.002     (0)  
   Fe(HS)3-        0.000e+00   0.000e+00  -407.504  -407.569    -0.065     (0)  
S(6)          8.714e-03
   SO4-2           7.645e-03   4.272e-03    -2.117    -2.369    -0.253     14.98
   HSO4-           6.904e-04   5.948e-04    -3.161    -3.226    -0.065     40.39
   NaSO4-          3.041e-04   2.637e-04    -3.517    -3.579    -0.062     14.82
   FeSO4+          5.382e-05   4.656e-05    -4.269    -4.332    -0.063     (0)  
   KSO4-           1.030e-05   8.930e-06    -4.987    -5.049    -0.062     34.22
   Fe(SO4)2-       5.050e-06   4.351e-06    -5.297    -5.361    -0.065     (0)  
   FeHSO4+2        3.240e-07   1.785e-07    -6.489    -6.748    -0.259     (0)  
   FeSO4           1.550e-11   1.559e-11   -10.810   -10.807     0.002     18.97
   FeHSO4+         1.703e-13   1.467e-13   -12.769   -12.833    -0.065     (0)  

------------------------------Saturation indices-------------------------------

  Phase               SI** log IAP   log K(298 K,   1 atm)

  Fe(OH)3(a)       -2.36      2.53    4.89  Fe(OH)3
  FeS(ppt)       -139.88   -143.80   -3.92  FeS
  Goethite          3.53      2.53   -1.00  FeOOH
  H2(g)           -41.15    -44.25   -3.10  H2
  H2O(g)           -1.50     -0.00    1.50  H2O
  H2S(g)         -130.81   -138.80   -7.99  H2S
  Hematite          9.07      5.06   -4.01  Fe2O3
  Jarosite-K        0.00     -9.21   -9.21  KFe3(SO4)2(OH)6
  Mackinawite    -139.15   -143.80   -4.65  FeS
  Melanterite     -10.85    -13.06   -2.21  FeSO4:7H2O
  O2(g)            -0.99     -3.88   -2.89  O2
  Pyrite         -223.02   -241.50  -18.48  FeS2
  Sulfur          -95.64    -90.76    4.88  S

**For a gas, SI = log10(fugacity). Fugacity = pressure * phi / 1 atm.
  For ideal gases, phi = 1.

------------------
End of simulation.
------------------

------------------------------------
Reading input data for simulation 6.
------------------------------------

----------------------------------
End of Run after 0.056094 Seconds.
----------------------------------

